
💰 [ Alice EOA 0x7c15d0fbC081C05Ff0E5442c87aC46396aA70488 0.0 ETH ] [ SC Wallet 0xD79e44a675F7e98539b860BEadfdd56dA580DCAF 0.0 ETH ]
💰 [ David EOA 0x5965b116464E09a13AcAaeC3a37cB2dB066e7929 0.0 ETH ] [ SC Wallet 0x5D8f7aEe31782f37D02E133d08E3Ff1D22179b19 0.0 ETH ]

⌛ Press enter to continue...

👀 [ Send 0.01 ETH from Relayer EOA 0x99E02CcD4146714b8bD7a1F818FC88e892658650 to Alice Wallet 0xD79e44a675F7e98539b860BEadfdd56dA580DCAF ]

🔗 TX hash: 0x4f5814e2e03bb67656d86332b0d8eb1d5c518eb52727e1fa3b0b947c593efe9f
🔎 https://goerli.etherscan.io/tx/0x4f5814e2e03bb67656d86332b0d8eb1d5c518eb52727e1fa3b0b947c593efe9f
🔎 https://ethtx.info/goerli/0x4f5814e2e03bb67656d86332b0d8eb1d5c518eb52727e1fa3b0b947c593efe9f/
✅ Mined...

💰 Balance of Relayer EOA 0x99E02CcD4146714b8bD7a1F818FC88e892658650
📈 [ BEFORE ] 0.996980881051 ETH
📉 [  AFTER ] 0.986915277051 ETH (-0.000065604 ETH)

💰 [ Alice EOA 0x7c15d0fbC081C05Ff0E5442c87aC46396aA70488 0.0 ETH ] [ SC Wallet 0xD79e44a675F7e98539b860BEadfdd56dA580DCAF 0.01 ETH ]
💰 [ David EOA 0x5965b116464E09a13AcAaeC3a37cB2dB066e7929 0.0 ETH ] [ SC Wallet 0x5D8f7aEe31782f37D02E133d08E3Ff1D22179b19 0.0 ETH ]

⌛ Press enter to continue...

👀 [ Send 0.01 ETH from Alice Wallet 0xD79e44a675F7e98539b860BEadfdd56dA580DCAF to David Wallet 0x5D8f7aEe31782f37D02E133d08E3Ff1D22179b19 ]

🔗 TX hash: 0x6135ee8a2365ac6160498afee3d881d41d8ac5518c210e79cd5527276ba8ff1d
🔎 https://goerli.etherscan.io/tx/0x6135ee8a2365ac6160498afee3d881d41d8ac5518c210e79cd5527276ba8ff1d
🔎 https://ethtx.info/goerli/0x6135ee8a2365ac6160498afee3d881d41d8ac5518c210e79cd5527276ba8ff1d/
✅ Mined...

💰 Balance of Relayer EOA 0x99E02CcD4146714b8bD7a1F818FC88e892658650
📈 [ BEFORE ] 0.986915277051 ETH
📉 [  AFTER ] 0.986763282651 ETH (-0.0001519944 ETH)
