🪙  ERC20Token deployed at: 0x6c7179bB7105344b91B56328Fcc72E9c18b845d5

💰 [ Alice EOA 0x7c15d0fbC081C05Ff0E5442c87aC46396aA70488 0.0 ETH ] [ SC Wallet 0xD79e44a675F7e98539b860BEadfdd56dA580DCAF 0.0 TKN ]
💰 [ David EOA 0x5965b116464E09a13AcAaeC3a37cB2dB066e7929 0.0 ETH ] [ SC Wallet 0x5D8f7aEe31782f37D02E133d08E3Ff1D22179b19 0.0 TKN ]

⌛ Press enter to continue...

👀 [ Send 100.0 TKN from Relayer EOA 0x99E02CcD4146714b8bD7a1F818FC88e892658650 to Alice Wallet 0xD79e44a675F7e98539b860BEadfdd56dA580DCAF ]

🔗 TX hash: 0x53b69ed91f7abf98a4d900a97760cb6acfb7a6175d1d818f21af9c551a28d95f
🔎 https://goerli.etherscan.io/tx/0x53b69ed91f7abf98a4d900a97760cb6acfb7a6175d1d818f21af9c551a28d95f
🔎 https://ethtx.info/goerli/0x53b69ed91f7abf98a4d900a97760cb6acfb7a6175d1d818f21af9c551a28d95f/
✅ Mined...

💰 Balance of Relayer EOA 0x99E02CcD4146714b8bD7a1F818FC88e892658650
📈 [ BEFORE ] 0.996347266651 ETH
📉 [  AFTER ] 0.996234953851 ETH (-0.0001123128 ETH)

💰 [ Alice EOA 0x7c15d0fbC081C05Ff0E5442c87aC46396aA70488 0.0 ETH ] [ SC Wallet 0xD79e44a675F7e98539b860BEadfdd56dA580DCAF 0.0 TKN ]
💰 [ David EOA 0x5965b116464E09a13AcAaeC3a37cB2dB066e7929 0.0 ETH ] [ SC Wallet 0x5D8f7aEe31782f37D02E133d08E3Ff1D22179b19 0.0 TKN ]

⌛ Press enter to continue...

👀 [ Send 100.0 TKN from Alice Wallet 0xD79e44a675F7e98539b860BEadfdd56dA580DCAF to David Wallet 0x5D8f7aEe31782f37D02E133d08E3Ff1D22179b19 ]

🔗 TX hash: 0x5f3d54e9b5ac574532e6895c824fee0ec2afe7144586526c8c7e96fb798d8e5c
🔎 https://goerli.etherscan.io/tx/0x5f3d54e9b5ac574532e6895c824fee0ec2afe7144586526c8c7e96fb798d8e5c
🔎 https://ethtx.info/goerli/0x5f3d54e9b5ac574532e6895c824fee0ec2afe7144586526c8c7e96fb798d8e5c/
✅ Mined...

💰 Balance of Relayer EOA 0x99E02CcD4146714b8bD7a1F818FC88e892658650
📈 [ BEFORE ] 0.996347266651 ETH
📉 [  AFTER ] 0.996046033051 ETH (-0.0001889208 ETH)

💰 [ Alice EOA 0x7c15d0fbC081C05Ff0E5442c87aC46396aA70488 0.0 ETH ] [ SC Wallet 0xD79e44a675F7e98539b860BEadfdd56dA580DCAF 0.0 TKN ]
💰 [ David EOA 0x5965b116464E09a13AcAaeC3a37cB2dB066e7929 0.0 ETH ] [ SC Wallet 0x5D8f7aEe31782f37D02E133d08E3Ff1D22179b19 100.0 TKN ]

⌛ Press enter to continue...

👀 [ Send 100.0 TKN from David Wallet 0x5D8f7aEe31782f37D02E133d08E3Ff1D22179b19 to Relayer EOA 0x99E02CcD4146714b8bD7a1F818FC88e892658650 ]

🔗 TX hash: 0x2f2f189c722890f7e8d0307c5ce6007092053992e3411e67144f38e47eb11897
🔎 https://goerli.etherscan.io/tx/0x2f2f189c722890f7e8d0307c5ce6007092053992e3411e67144f38e47eb11897
🔎 https://ethtx.info/goerli/0x2f2f189c722890f7e8d0307c5ce6007092053992e3411e67144f38e47eb11897/
✅ Mined...

💰 Balance of Relayer EOA 0x99E02CcD4146714b8bD7a1F818FC88e892658650
📈 [ BEFORE ] 0.996046033051 ETH
📉 [  AFTER ] 0.995857112251 ETH (-0.0001889208 ETH)

💰 [ Alice EOA 0x7c15d0fbC081C05Ff0E5442c87aC46396aA70488 0.0 ETH ] [ SC Wallet 0xD79e44a675F7e98539b860BEadfdd56dA580DCAF 0.0 TKN ]
💰 [ David EOA 0x5965b116464E09a13AcAaeC3a37cB2dB066e7929 0.0 ETH ] [ SC Wallet 0x5D8f7aEe31782f37D02E133d08E3Ff1D22179b19 0.0 TKN ]
